This file contains any messages produced by compilers while
running configure, to aid debugging if configure makes a mistake.

It was created by Gauche-mecab configure 0.0, which was
generated by GNU Autoconf 2.59.  Invocation command line was

  $ ./configure 

## --------- ##
## Platform. ##
## --------- ##

hostname = strawberry.local
uname -m = i386
uname -r = 8.10.1
uname -s = Darwin
uname -v = Darwin Kernel Version 8.10.1: Wed May 23 16:33:00 PDT 2007; root:xnu-792.22.5~1/RELEASE_I386

/usr/bin/uname -p = i386
/bin/uname -X     = unknown

/bin/arch              = unknown
/usr/bin/arch -k       = unknown
/usr/convex/getsysinfo = unknown
hostinfo               = Mach kernel version:
	 Darwin Kernel Version 8.10.1: Wed May 23 16:33:00 PDT 2007; root:xnu-792.22.5~1/RELEASE_I386
Kernel configured for up to 2 processors.
2 processors are physically available.
2 processors are logically available.
Processor type: i486 (Intel 80486)
Processors active: 0 1
Primary memory available: 4.00 gigabytes
Default processor set: 106 tasks, 360 threads, 2 processors
Load average: 0.45, Mach factor: 1.54
/bin/machine           = unknown
/usr/bin/oslevel       = unknown
/bin/universe          = unknown

PATH: /sw/bin
PATH: /sw/sbin
PATH: /bin
PATH: /sbin
PATH: /usr/bin
PATH: /usr/sbin
PATH: /Users/naochan/bin
PATH: /usr/local/bin
PATH: /opt/local/bin
PATH: /usr/local/mysql/bin
PATH: /usr/local/openmcl/ccl/scripts
PATH: /opt/gtk/bin
PATH: /usr/X11R6/bin


## ----------- ##
## Core tests. ##
## ----------- ##

configure:1235: checking for gosh
configure:1253: found /usr/local/bin/gosh
configure:1265: result: /usr/local/bin/gosh
configure:1274: checking for gauche-config
configure:1292: found /usr/local/bin/gauche-config
configure:1304: result: /usr/local/bin/gauche-config
configure:1313: checking for gauche-package
configure:1331: found /usr/local/bin/gauche-package
configure:1343: result: /usr/local/bin/gauche-package
configure:1352: checking for gauche-install
configure:1370: found /usr/local/bin/gauche-install
configure:1382: result: /usr/local/bin/gauche-install
configure:1391: checking for gauche-cesconv
configure:1409: found /usr/local/bin/gauche-cesconv
configure:1421: result: /usr/local/bin/gauche-cesconv
configure:1514: creating Gauche-mecab.gpd
configure:1648: creating ./config.status

## ---------------------- ##
## Running config.status. ##
## ---------------------- ##

This file was extended by Gauche-mecab config.status 0.0, which was
generated by GNU Autoconf 2.59.  Invocation command line was

  CONFIG_FILES    = 
  CONFIG_HEADERS  = 
  CONFIG_LINKS    = 
  CONFIG_COMMANDS = 
  $ ./config.status 

on strawberry.local

config.status:641: creating Makefile

## ---------------- ##
## Cache variables. ##
## ---------------- ##

ac_cv_env_build_alias_set=
ac_cv_env_build_alias_value=
ac_cv_env_host_alias_set=
ac_cv_env_host_alias_value=
ac_cv_env_target_alias_set=
ac_cv_env_target_alias_value=
ac_cv_path_GAUCHE_CESCONV=/usr/local/bin/gauche-cesconv
ac_cv_path_GAUCHE_CONFIG=/usr/local/bin/gauche-config
ac_cv_path_GAUCHE_INSTALL=/usr/local/bin/gauche-install
ac_cv_path_GAUCHE_PACKAGE=/usr/local/bin/gauche-package
ac_cv_path_GOSH=/usr/local/bin/gosh

## ----------------- ##
## Output variables. ##
## ----------------- ##

CC='gcc'
CFLAGS='-g -O2 -I/usr/local/lib/gauche/0.8.11/include'
DEFS='-DPACKAGE_NAME=\"Gauche-mecab\" -DPACKAGE_TARNAME=\"gauche-mecab\" -DPACKAGE_VERSION=\"0.0\" -DPACKAGE_STRING=\"Gauche-mecab\ 0.0\" -DPACKAGE_BUGREPORT=\"\" -DGAUCHE_VERSION=\"0.8.11\" '
DYLIBEXT='dylib'
ECHO_C=''
ECHO_N='-n'
ECHO_T=''
EXEEXT=''
GAUCHE_CESCONV='/usr/local/bin/gauche-cesconv'
GAUCHE_CONFIG='/usr/local/bin/gauche-config'
GAUCHE_INC='-I/usr/local/lib/gauche/0.8.11/include'
GAUCHE_INSTALL='/usr/local/bin/gauche-install'
GAUCHE_LIB='-L/usr/local/lib/gauche/0.8.11/i686-apple-darwin8.10.1 '
GAUCHE_PACKAGE='/usr/local/bin/gauche-package'
GAUCHE_VERSION='0.8.11'
GOSH='/usr/local/bin/gosh'
INSTALL_TYPE='site'
LDFLAGS='  -bundle -flat_namespace -undefined suppress -o'
LIBOBJS=''
LIBS='-L/usr/local/lib/gauche/0.8.11/i686-apple-darwin8.10.1  -lgauche -lm  -lpthread '
LTLIBOBJS=''
OBJEXT='o'
OPTFLAGS='-fomit-frame-pointer '
PACKAGE_BUGREPORT=''
PACKAGE_NAME='Gauche-mecab'
PACKAGE_STRING='Gauche-mecab 0.0'
PACKAGE_TARNAME='gauche-mecab'
PACKAGE_VERSION='0.0'
PATH_SEPARATOR=':'
SHELL='/bin/sh'
SOEXT='so'
bindir='${exec_prefix}/bin'
build_alias=''
datadir='${prefix}/share'
exec_prefix='${prefix}'
host_alias=''
includedir='${prefix}/include'
infodir='${prefix}/info'
libdir='${exec_prefix}/lib'
libexecdir='${exec_prefix}/libexec'
localstatedir='${prefix}/var'
mandir='${prefix}/man'
oldincludedir='/usr/include'
prefix='/usr/local'
program_transform_name='s,x,x,'
sbindir='${exec_prefix}/sbin'
sharedstatedir='${prefix}/com'
sysconfdir='${prefix}/etc'
target_alias=''

## ----------- ##
## confdefs.h. ##
## ----------- ##

#define GAUCHE_VERSION "0.8.11"
#define PACKAGE_BUGREPORT ""
#define PACKAGE_NAME "Gauche-mecab"
#define PACKAGE_STRING "Gauche-mecab 0.0"
#define PACKAGE_TARNAME "gauche-mecab"
#define PACKAGE_VERSION "0.0"

configure: exit 0
